<?xml version="1.0" encoding="UTF-8"?>
<testsuite name="AccountServiceTest" tests="1" skipped="0" failures="0" errors="0" timestamp="2022-05-05T18:32:36" hostname="bm" time="3.704">
  <properties/>
  <testcase name="start" classname="AccountServiceTest" time="3.704"/>
  <system-out><![CDATA[?[1;31m
Start test 1?[0m

  .   ____          _            __ _ _
 /\\ / ___'_ __ _ _(_)_ __  __ _ \ \ \ \
( ( )\___ | '_ | '_| | '_ \/ _` | \ \ \ \
 \\/  ___)| |_)| | | | | || (_| |  ) ) ) )
  '  |____| .__|_| |_|_| |_\__, | / / / /
 =========|_|==============|___/=/_/_/_/
 :: Spring Boot ::        (v2.3.1.RELEASE)

2022-05-05 20:32:37.141  INFO 25261 --- [    Test worker] account.AccountServiceApplication        : Starting AccountServiceApplication on bm with PID 25261 (started by bm in /home/bm/Pulpit/code/JetBrainAcademy/Account Service/Account Service/task)
2022-05-05 20:32:37.145  INFO 25261 --- [    Test worker] account.AccountServiceApplication        : No active profile set, falling back to default profiles: default
2022-05-05 20:32:38.565  INFO 25261 --- [    Test worker] o.s.b.w.embedded.tomcat.TomcatWebServer  : Tomcat initialized with port(s): 28852 (http)
2022-05-05 20:32:38.577  INFO 25261 --- [    Test worker] o.apache.catalina.core.StandardService   : Starting service [Tomcat]
2022-05-05 20:32:38.578  INFO 25261 --- [    Test worker] org.apache.catalina.core.StandardEngine  : Starting Servlet engine: [Apache Tomcat/9.0.36]
2022-05-05 20:32:38.663  INFO 25261 --- [    Test worker] o.a.c.c.C.[Tomcat].[localhost].[/]       : Initializing Spring embedded WebApplicationContext
2022-05-05 20:32:38.663  INFO 25261 --- [    Test worker] w.s.c.ServletWebServerApplicationContext : Root WebApplicationContext: initialization completed in 1464 ms
2022-05-05 20:32:38.986  INFO 25261 --- [    Test worker] o.s.s.concurrent.ThreadPoolTaskExecutor  : Initializing ExecutorService 'applicationTaskExecutor'
2022-05-05 20:32:39.294  INFO 25261 --- [    Test worker] o.s.b.a.e.web.EndpointLinksResolver      : Exposing 14 endpoint(s) beneath base path '/actuator'
2022-05-05 20:32:39.353  INFO 25261 --- [    Test worker] o.s.b.w.embedded.tomcat.TomcatWebServer  : Tomcat started on port(s): 28852 (http) with context path ''
2022-05-05 20:32:39.372  INFO 25261 --- [    Test worker] account.AccountServiceApplication        : Started AccountServiceApplication in 2.577 seconds (JVM running for 3.576)
2022-05-05 20:32:39.735  INFO 25261 --- [io-28852-exec-1] o.a.c.c.C.[Tomcat].[localhost].[/]       : Initializing Spring DispatcherServlet 'dispatcherServlet'
2022-05-05 20:32:39.735  INFO 25261 --- [io-28852-exec-1] o.s.web.servlet.DispatcherServlet        : Initializing Servlet 'dispatcherServlet'
2022-05-05 20:32:39.741  INFO 25261 --- [io-28852-exec-1] o.s.web.servlet.DispatcherServlet        : Completed initialization in 5 ms
?[1;31m
Start test 2?[0m
2022-05-05 20:32:39.915  WARN 25261 --- [io-28852-exec-2] .w.s.m.s.DefaultHandlerExceptionResolver : Resolved [org.springframework.web.bind.MethodArgumentNotValidException: Validation failed for argument [0] in public org.springframework.http.ResponseEntity<?> account.UserController.signup(account.model.User): [Field error in object 'user' on field 'name': rejected value []; codes [NotBlank.user.name,NotBlank.name,NotBlank.java.lang.String,NotBlank]; arguments [org.springframework.context.support.DefaultMessageSourceResolvable: codes [user.name,name]; arguments []; default message [name]]; default message [must not be blank]] ]
?[1;31m
Start test 3?[0m
2022-05-05 20:32:39.943  WARN 25261 --- [io-28852-exec-3] .w.s.m.s.DefaultHandlerExceptionResolver : Resolved [org.springframework.web.bind.MethodArgumentNotValidException: Validation failed for argument [0] in public org.springframework.http.ResponseEntity<?> account.UserController.signup(account.model.User): [Field error in object 'user' on field 'name': rejected value [null]; codes [NotBlank.user.name,NotBlank.name,NotBlank.java.lang.String,NotBlank]; arguments [org.springframework.context.support.DefaultMessageSourceResolvable: codes [user.name,name]; arguments []; default message [name]]; default message [must not be blank]] ]
?[1;31m
Start test 4?[0m
2022-05-05 20:32:39.955  WARN 25261 --- [io-28852-exec-4] .w.s.m.s.DefaultHandlerExceptionResolver : Resolved [org.springframework.web.bind.MethodArgumentNotValidException: Validation failed for argument [0] in public org.springframework.http.ResponseEntity<?> account.UserController.signup(account.model.User): [Field error in object 'user' on field 'lastname': rejected value []; codes [NotBlank.user.lastname,NotBlank.lastname,NotBlank.java.lang.String,NotBlank]; arguments [org.springframework.context.support.DefaultMessageSourceResolvable: codes [user.lastname,lastname]; arguments []; default message [lastname]]; default message [must not be blank]] ]
?[1;31m
Start test 5?[0m
2022-05-05 20:32:39.967  WARN 25261 --- [io-28852-exec-5] .w.s.m.s.DefaultHandlerExceptionResolver : Resolved [org.springframework.web.bind.MethodArgumentNotValidException: Validation failed for argument [0] in public org.springframework.http.ResponseEntity<?> account.UserController.signup(account.model.User): [Field error in object 'user' on field 'lastname': rejected value [null]; codes [NotBlank.user.lastname,NotBlank.lastname,NotBlank.java.lang.String,NotBlank]; arguments [org.springframework.context.support.DefaultMessageSourceResolvable: codes [user.lastname,lastname]; arguments []; default message [lastname]]; default message [must not be blank]] ]
?[1;31m
Start test 6?[0m
2022-05-05 20:32:39.981  WARN 25261 --- [io-28852-exec-6] .w.s.m.s.DefaultHandlerExceptionResolver : Resolved [org.springframework.web.bind.MethodArgumentNotValidException: Validation failed for argument [0] in public org.springframework.http.ResponseEntity<?> account.UserController.signup(account.model.User): [Field error in object 'user' on field 'email': rejected value []; codes [Pattern.user.email,Pattern.email,Pattern.java.lang.String,Pattern]; arguments [org.springframework.context.support.DefaultMessageSourceResolvable: codes [user.email,email]; arguments []; default message [email],[Ljavax.validation.constraints.Pattern$Flag;@2fb7e39f,^[a-zA-Z0-9+_.-]+@acme.com+$]; default message [must match "^[a-zA-Z0-9+_.-]+@acme.com+$"]] ]
?[1;31m
Start test 7?[0m
2022-05-05 20:32:39.992  WARN 25261 --- [io-28852-exec-7] .w.s.m.s.DefaultHandlerExceptionResolver : Resolved [org.springframework.web.bind.MethodArgumentNotValidException: Validation failed for argument [0] in public org.springframework.http.ResponseEntity<?> account.UserController.signup(account.model.User): [Field error in object 'user' on field 'lastname': rejected value [null]; codes [NotBlank.user.lastname,NotBlank.lastname,NotBlank.java.lang.String,NotBlank]; arguments [org.springframework.context.support.DefaultMessageSourceResolvable: codes [user.lastname,lastname]; arguments []; default message [lastname]]; default message [must not be blank]] ]
?[1;31m
Start test 8?[0m
2022-05-05 20:32:40.005  WARN 25261 --- [io-28852-exec-8] .w.s.m.s.DefaultHandlerExceptionResolver : Resolved [org.springframework.web.bind.MethodArgumentNotValidException: Validation failed for argument [0] in public org.springframework.http.ResponseEntity<?> account.UserController.signup(account.model.User): [Field error in object 'user' on field 'password': rejected value []; codes [NotBlank.user.password,NotBlank.password,NotBlank.java.lang.String,NotBlank]; arguments [org.springframework.context.support.DefaultMessageSourceResolvable: codes [user.password,password]; arguments []; default message [password]]; default message [must not be blank]] ]
?[1;31m
Start test 9?[0m
2022-05-05 20:32:40.017  WARN 25261 --- [io-28852-exec-9] .w.s.m.s.DefaultHandlerExceptionResolver : Resolved [org.springframework.web.bind.MethodArgumentNotValidException: Validation failed for argument [0] in public org.springframework.http.ResponseEntity<?> account.UserController.signup(account.model.User): [Field error in object 'user' on field 'password': rejected value [null]; codes [NotBlank.user.password,NotBlank.password,NotBlank.java.lang.String,NotBlank]; arguments [org.springframework.context.support.DefaultMessageSourceResolvable: codes [user.password,password]; arguments []; default message [password]]; default message [must not be blank]] ]
?[1;31m
Start test 10?[0m
2022-05-05 20:32:40.028  WARN 25261 --- [o-28852-exec-10] .w.s.m.s.DefaultHandlerExceptionResolver : Resolved [org.springframework.web.bind.MethodArgumentNotValidException: Validation failed for argument [0] in public org.springframework.http.ResponseEntity<?> account.UserController.signup(account.model.User): [Field error in object 'user' on field 'email': rejected value [johndoeacme.com]; codes [Pattern.user.email,Pattern.email,Pattern.java.lang.String,Pattern]; arguments [org.springframework.context.support.DefaultMessageSourceResolvable: codes [user.email,email]; arguments []; default message [email],[Ljavax.validation.constraints.Pattern$Flag;@2fb7e39f,^[a-zA-Z0-9+_.-]+@acme.com+$]; default message [must match "^[a-zA-Z0-9+_.-]+@acme.com+$"]] ]
?[1;31m
Start test 11?[0m
2022-05-05 20:32:40.039  WARN 25261 --- [io-28852-exec-1] .w.s.m.s.DefaultHandlerExceptionResolver : Resolved [org.springframework.web.bind.MethodArgumentNotValidException: Validation failed for argument [0] in public org.springframework.http.ResponseEntity<?> account.UserController.signup(account.model.User): [Field error in object 'user' on field 'email': rejected value [johndoe@google.com]; codes [Pattern.user.email,Pattern.email,Pattern.java.lang.String,Pattern]; arguments [org.springframework.context.support.DefaultMessageSourceResolvable: codes [user.email,email]; arguments []; default message [email],[Ljavax.validation.constraints.Pattern$Flag;@2fb7e39f,^[a-zA-Z0-9+_.-]+@acme.com+$]; default message [must match "^[a-zA-Z0-9+_.-]+@acme.com+$"]] ]
?[1;31m
Start test 12?[0m
2022-05-05 20:32:40.050  WARN 25261 --- [io-28852-exec-2] .w.s.m.s.DefaultHandlerExceptionResolver : Resolved [org.springframework.web.HttpRequestMethodNotSupportedException: Request method 'GET' not supported]
2022-05-05 20:32:40.059  WARN 25261 --- [io-28852-exec-3] .w.s.m.s.DefaultHandlerExceptionResolver : Resolved [org.springframework.web.HttpRequestMethodNotSupportedException: Request method 'PUT' not supported]
2022-05-05 20:32:40.069  WARN 25261 --- [io-28852-exec-4] .w.s.m.s.DefaultHandlerExceptionResolver : Resolved [org.springframework.web.HttpRequestMethodNotSupportedException: Request method 'DELETE' not supported]
?[1;31m
Start test 13?[0m
]]></system-out>
  <system-err><![CDATA[]]></system-err>
</testsuite>
