<?xml version="1.0" encoding="UTF-8"?>
<testsuite name="account.model.UserDtoMapperTest" tests="4" skipped="0" failures="0" errors="0" timestamp="2022-05-10T17:45:59" hostname="bm" time="0.005">
  <properties/>
  <testcase name="mapToUserNullArgument" classname="account.model.UserDtoMapperTest" time="0.0"/>
  <testcase name="mapToDtoResponseOK" classname="account.model.UserDtoMapperTest" time="0.004"/>
  <testcase name="mapToDtoResponseNullArgument" classname="account.model.UserDtoMapperTest" time="0.001"/>
  <testcase name="mapToUserOK" classname="account.model.UserDtoMapperTest" time="0.0"/>
  <system-out><![CDATA[]]></system-out>
  <system-err><![CDATA[]]></system-err>
</testsuite>
