<?xml version="1.0" encoding="UTF-8"?>
<testsuite name="account.service.UserServiceTest" tests="6" skipped="0" failures="0" errors="0" timestamp="2022-05-10T17:45:59" hostname="bm" time="0.187">
  <properties/>
  <testcase name="loadByUsernameNullArgument" classname="account.service.UserServiceTest" time="0.159"/>
  <testcase name="saveUserAlreadyExist" classname="account.service.UserServiceTest" time="0.012"/>
  <testcase name="loadByUsernameFound" classname="account.service.UserServiceTest" time="0.0"/>
  <testcase name="saveNullArgument" classname="account.service.UserServiceTest" time="0.001"/>
  <testcase name="saveUserOK" classname="account.service.UserServiceTest" time="0.013"/>
  <testcase name="loadByUsernameNotFound" classname="account.service.UserServiceTest" time="0.001"/>
  <system-out><![CDATA[]]></system-out>
  <system-err><![CDATA[]]></system-err>
</testsuite>
